0 info it worked if it ends with ok
1 verbose cli [ 'C:\\Program Files\\nodejs\\node.exe',
1 verbose cli   'C:\\Program Files\\nodejs\\node_modules\\npm\\bin\\npm-cli.js',
1 verbose cli   'run',
1 verbose cli   'deploy' ]
2 info using npm@3.10.10
3 info using node@v6.11.4
4 verbose run-script [ 'predeploy', 'deploy', 'postdeploy' ]
5 info lifecycle indecision-app@1.0.0~predeploy: indecision-app@1.0.0
6 silly lifecycle indecision-app@1.0.0~predeploy: no script for predeploy, continuing
7 info lifecycle indecision-app@1.0.0~deploy: indecision-app@1.0.0
8 verbose lifecycle indecision-app@1.0.0~deploy: unsafe-perm in lifecycle true
9 verbose lifecycle indecision-app@1.0.0~deploy: PATH: C:\Program Files\nodejs\node_modules\npm\bin\node-gyp-bin;C:\Users\OD\Desktop\react-course-projects\indecision-app\node_modules\.bin;C:\Program Files (x86)\Cuminas\Document Express DjVu Plug-in\;C:\MinGW64\bin;C:\Program Files\nodejs\;C:\Python36-32\;C:\Python36-32\Scripts\;C:\Program Files\MATLAB\R2016a\runtime\win64;C:\Program Files\MATLAB\R2016a\bin;C:\Program Files\Git\cmd;C:\Users\OD\AppData\Roaming\npm;C:\Users\OD\AppData\Local\atom\bin;C:\Program Files\Heroku\bin;C:\Users\OD\AppData\Local\GitHubDesktop\bin;C:\Program Files\Microsoft VS Code\bin
10 verbose lifecycle indecision-app@1.0.0~deploy: CWD: C:\Users\OD\Desktop\react-course-projects\indecision-app
11 silly lifecycle indecision-app@1.0.0~deploy: Args: [ '/d /s /c', 'npm run build&&gh-pages -d build' ]
12 silly lifecycle indecision-app@1.0.0~deploy: Returned: code: 1  signal: null
13 info lifecycle indecision-app@1.0.0~deploy: Failed to exec deploy script
14 verbose stack Error: indecision-app@1.0.0 deploy: `npm run build&&gh-pages -d build`
14 verbose stack Exit status 1
14 verbose stack     at EventEmitter.<anonymous> (C:\Program Files\nodejs\node_modules\npm\lib\utils\lifecycle.js:255:16)
14 verbose stack     at emitTwo (events.js:106:13)
14 verbose stack     at EventEmitter.emit (events.js:191:7)
14 verbose stack     at ChildProcess.<anonymous> (C:\Program Files\nodejs\node_modules\npm\lib\utils\spawn.js:40:14)
14 verbose stack     at emitTwo (events.js:106:13)
14 verbose stack     at ChildProcess.emit (events.js:191:7)
14 verbose stack     at maybeClose (internal/child_process.js:920:16)
14 verbose stack     at Process.ChildProcess._handle.onexit (internal/child_process.js:230:5)
15 verbose pkgid indecision-app@1.0.0
16 verbose cwd C:\Users\OD\Desktop\react-course-projects\indecision-app
17 error Windows_NT 10.0.15063
18 error argv "C:\\Program Files\\nodejs\\node.exe" "C:\\Program Files\\nodejs\\node_modules\\npm\\bin\\npm-cli.js" "run" "deploy"
19 error node v6.11.4
20 error npm  v3.10.10
21 error code ELIFECYCLE
22 error indecision-app@1.0.0 deploy: `npm run build&&gh-pages -d build`
22 error Exit status 1
23 error Failed at the indecision-app@1.0.0 deploy script 'npm run build&&gh-pages -d build'.
23 error Make sure you have the latest version of node.js and npm installed.
23 error If you do, this is most likely a problem with the indecision-app package,
23 error not with npm itself.
23 error Tell the author that this fails on your system:
23 error     npm run build&&gh-pages -d build
23 error You can get information on how to open an issue for this project with:
23 error     npm bugs indecision-app
23 error Or if that isn't available, you can get their info via:
23 error     npm owner ls indecision-app
23 error There is likely additional logging output above.
24 verbose exit [ 1, true ]
